<?xml version="1.0" encoding="UTF-8"?>
<!-- Generated by org.testng.reporters.JUnitXMLReporter -->
<testsuite ignored="0" hostname="LAPTOP-9JI0N3F9" failures="0" tests="23" name="Surefire test" time="33.955" errors="0" timestamp="2025-10-28T11:39:45 IST">
  <testcase classname="day45.ParamTest" name="@BeforeClass setup" time="-1.761631774329E9">
    <failure type="org.testng.TestNGException" message="
Parameter &amp;apos;browser&amp;apos; is required by BeforeClass on method setup but has not been marked @Optional or defined
">
      <![CDATA[org.testng.TestNGException: 
Parameter 'browser' is required by BeforeClass on method setup but has not been marked @Optional or defined

at java.base/java.util.ArrayList.forEach(ArrayList.java:1596)
... Removed 27 stack frames]]>
    </failure>
  </testcase> <!-- @BeforeClass setup -->
  <testcase classname="day45.ParamTest" name="@AfterClass teardown" time="0.0">
    <skipped/>
  </testcase> <!-- @AfterClass teardown -->
  <testcase classname="day42.OrangeHrmTest" name="openapp" time="14.886"/>
  <testcase classname="day42.OrangeHrmTest" name="testLogo" time="7.32"/>
  <testcase classname="day42.OrangeHrmTest" name="testLogin" time="0.196"/>
  <testcase classname="day42.OrangeHrmTest" name="testLogout" time="0.334"/>
  <testcase classname="day42.Testng" name="openapp" time="0.002"/>
  <testcase classname="day42.Testng" name="login" time="0.0"/>
  <testcase classname="day42.Testng" name="logout" time="0.001"/>
  <testcase classname="day44.LoginTests" name="loginByEmail" time="0.0"/>
  <testcase classname="day44.LoginTests" name="loginByFacebook" time="0.0"/>
  <testcase classname="day44.LoginTests" name="loginByTwitter" time="0.001"/>
  <testcase classname="day44.PaymentsTests" name="paymentInRuppees" time="0.001"/>
  <testcase classname="day44.PaymentsTests" name="paymentInDollars" time="0.001"/>
  <testcase classname="day44.SignupTests" name="signupByEmail" time="0.001"/>
  <testcase classname="day44.SignupTests" name="signupByFacebook" time="0.001"/>
  <testcase classname="day44.SignupTests" name="signupByTwitter" time="0.0"/>
  <testcase classname="day45.ParamTest" name="testLogo" time="0.0">
    <skipped/>
  </testcase> <!-- testLogo -->
  <testcase classname="day45.ParamTest" name="testTitle" time="0.0">
    <skipped/>
  </testcase> <!-- testTitle -->
  <testcase classname="day45.ParamTest" name="testURL" time="0.0">
    <skipped/>
  </testcase> <!-- testURL -->
  <testcase classname="day47.LoginTest" name="testLogin" time="2.015"/>
  <testcase classname="day47.LoginTest" name="testLogin" time="1.582"/>
  <testcase classname="day47.LoginTest" name="testLogin" time="1.524"/>
  <testcase classname="day47.LoginTest" name="testLogin" time="1.533"/>
  <testcase classname="day47.LoginTest" name="testLogin" time="1.575"/>
</testsuite> <!-- Surefire test -->
