<html>
<head>
<title>TestNG:  Surefire test</title>
<link href="../testng.css" rel="stylesheet" type="text/css" />
<link href="../my-testng.css" rel="stylesheet" type="text/css" />

<style type="text/css">
.log { display: none;} 
.stack-trace { display: none;} 
</style>
<script type="text/javascript">
<!--
function flip(e) {
  current = e.style.display;
  if (current == 'block') {
    e.style.display = 'none';
    return 0;
  }
  else {
    e.style.display = 'block';
    return 1;
  }
}

function toggleBox(szDivId, elem, msg1, msg2)
{
  var res = -1;  if (document.getElementById) {
    res = flip(document.getElementById(szDivId));
  }
  else if (document.all) {
    // this is the way old msie versions work
    res = flip(document.all[szDivId]);
  }
  if(elem) {
    if(res == 0) elem.innerHTML = msg1; else elem.innerHTML = msg2;
  }

}

function toggleAllBoxes() {
  if (document.getElementsByTagName) {
    d = document.getElementsByTagName('div');
    for (i = 0; i < d.length; i++) {
      if (d[i].className == 'log') {
        flip(d[i]);
      }
    }
  }
}

// -->
</script>

</head>
<body>
<h2 align='center'>Surefire test</h2><table border='1' align="center">
<tr>
<td>Tests passed/Failed/Skipped:</td><td>20/0/3</td>
</tr><tr>
<td>Started on:</td><td>Tue Oct 28 11:39:11 IST 2025</td>
</tr>
<tr><td>Total time:</td><td>33 seconds (33955 ms)</td>
</tr><tr>
<td>Included groups:</td><td></td>
</tr><tr>
<td>Excluded groups:</td><td></td>
</tr>
</table><p/>
<small><i>(Hover the method name to see the test class name)</i></small><p/>
<table width='100%' border='1' class='invocation-failed'>
<tr><td colspan='4' align='center'><b>FAILED CONFIGURATIONS</b></td></tr>
<tr><td><b>Test method</b></td>
<td><b>Attribute(s)</b></td>
<td width="30%"><b>Exception</b></td>
<td width="10%"><b>Time (seconds)</b></td>
<td><b>Instance</b></td>
</tr>
<tr>
<td title='day45.ParamTest.setup()'><b>setup</b><br>Test class: day45.ParamTest</td>
<td><div><pre>org.testng.TestNGException: 
Parameter &apos;browser&apos; is required by BeforeClass on method setup but has not been marked @Optional or defined

	at java.base/java.util.ArrayList.forEach(ArrayList.java:1596)
... Removed 27 stack frames</pre></div><a href='#' onClick='toggleBox("stack-trace1862994526", this, "Click to show all stack frames", "Click to hide stack frames")'>Click to show all stack frames</a>
<div class='stack-trace' id='stack-trace1862994526'><pre>org.testng.TestNGException: 
Parameter &apos;browser&apos; is required by BeforeClass on method setup but has not been marked @Optional or defined

	at org.testng.internal.Parameters.createParams(Parameters.java:264)
	at org.testng.internal.Parameters.createParametersForMethod(Parameters.java:352)
	at org.testng.internal.Parameters.createParameters(Parameters.java:690)
	at org.testng.internal.Parameters.createConfigurationParameters(Parameters.java:163)
	at org.testng.internal.invokers.ConfigInvoker.invokeConfigurations(ConfigInvoker.java:313)
	at org.testng.internal.invokers.TestMethodWorker.invokeBeforeClassMethods(TestMethodWorker.java:188)
	at org.testng.internal.invokers.TestMethodWorker.run(TestMethodWorker.java:128)
	at java.base/java.util.ArrayList.forEach(ArrayList.java:1596)
	at org.testng.TestRunner.privateRun(TestRunner.java:741)
	at org.testng.TestRunner.run(TestRunner.java:616)
	at org.testng.SuiteRunner.runTest(SuiteRunner.java:421)
	at org.testng.SuiteRunner.runSequentially(SuiteRunner.java:413)
	at org.testng.SuiteRunner.privateRun(SuiteRunner.java:373)
	at org.testng.SuiteRunner.run(SuiteRunner.java:312)
	at org.testng.SuiteRunnerWorker.runSuite(SuiteRunnerWorker.java:52)
	at org.testng.SuiteRunnerWorker.run(SuiteRunnerWorker.java:95)
	at org.testng.TestNG.runSuitesSequentially(TestNG.java:1274)
	at org.testng.TestNG.runSuitesLocally(TestNG.java:1208)
	at org.testng.TestNG.runSuites(TestNG.java:1112)
	at org.testng.TestNG.run(TestNG.java:1079)
	at org.apache.maven.surefire.testng.TestNGExecutor.run(TestNGExecutor.java:155)
	at org.apache.maven.surefire.testng.TestNGDirectoryTestSuite.executeMulti(TestNGDirectoryTestSuite.java:169)
	at org.apache.maven.surefire.testng.TestNGDirectoryTestSuite.execute(TestNGDirectoryTestSuite.java:88)
	at org.apache.maven.surefire.testng.TestNGProvider.invoke(TestNGProvider.java:137)
	at org.apache.maven.surefire.booter.ForkedBooter.runSuitesInProcess(ForkedBooter.java:385)
	at org.apache.maven.surefire.booter.ForkedBooter.execute(ForkedBooter.java:162)
	at org.apache.maven.surefire.booter.ForkedBooter.run(ForkedBooter.java:507)
	at org.apache.maven.surefire.booter.ForkedBooter.main(ForkedBooter.java:495)
</pre></div></td>
<td>-1761631774</td>
<td>day45.ParamTest@4f1bfe23</td></tr>
</table><p>
<table width='100%' border='1' class='invocation-skipped'>
<tr><td colspan='4' align='center'><b>SKIPPED CONFIGURATIONS</b></td></tr>
<tr><td><b>Test method</b></td>
<td><b>Attribute(s)</b></td>
<td width="30%"><b>Exception</b></td>
<td width="10%"><b>Time (seconds)</b></td>
<td><b>Instance</b></td>
</tr>
<tr>
<td title='day45.ParamTest.teardown()'><b>teardown</b><br>Test class: day45.ParamTest</td>
<td></td>
<td>0</td>
<td>day45.ParamTest@4f1bfe23</td></tr>
</table><p>
<table width='100%' border='1' class='invocation-passed'>
<tr><td colspan='4' align='center'><b>PASSED TESTS</b></td></tr>
<tr><td><b>Test method</b></td>
<td><b>Attribute(s)</b></td>
<td width="30%"><b>Exception</b></td>
<td width="10%"><b>Time (seconds)</b></td>
<td><b>Instance</b></td>
</tr>
<tr>
<td title='day42.Testng.openapp()'><b>openapp</b><br>Test class: day42.Testng</td>
<td></td>
<td>0</td>
<td>day42.Testng@51acdf2e</td></tr>
<tr>
<td title='day44.SignupTests.signupByEmail()'><b>signupByEmail</b><br>Test class: day44.SignupTests</td>
<td></td>
<td>0</td>
<td>day44.SignupTests@4eb386df</td></tr>
<tr>
<td title='day42.Testng.login()'><b>login</b><br>Test class: day42.Testng</td>
<td></td>
<td>0</td>
<td>day42.Testng@51acdf2e</td></tr>
<tr>
<td title='day47.LoginTest.testLogin()'><b>testLogin</b><br>Test class: day47.LoginTest<br>Parameters: xyz@gmail.com, test012</td>
<td></td>
<td>1</td>
<td>day47.LoginTest@e19bb76</td></tr>
<tr>
<td title='day44.SignupTests.signupByFacebook()'><b>signupByFacebook</b><br>Test class: day44.SignupTests</td>
<td></td>
<td>0</td>
<td>day44.SignupTests@4eb386df</td></tr>
<tr>
<td title='day44.LoginTests.loginByFacebook()'><b>loginByFacebook</b><br>Test class: day44.LoginTests</td>
<td></td>
<td>0</td>
<td>day44.LoginTests@6a55299e</td></tr>
<tr>
<td title='day44.PaymentsTests.paymentInDollars()'><b>paymentInDollars</b><br>Test class: day44.PaymentsTests</td>
<td></td>
<td>0</td>
<td>day44.PaymentsTests@2f1de2d6</td></tr>
<tr>
<td title='day47.LoginTest.testLogin()'><b>testLogin</b><br>Test class: day47.LoginTest<br>Parameters: deepakc0318@gmail.com, Deepakc0318@</td>
<td></td>
<td>2</td>
<td>day47.LoginTest@e19bb76</td></tr>
<tr>
<td title='day47.LoginTest.testLogin()'><b>testLogin</b><br>Test class: day47.LoginTest<br>Parameters: jphncanedy@gmail.com, test</td>
<td></td>
<td>1</td>
<td>day47.LoginTest@e19bb76</td></tr>
<tr>
<td title='day44.LoginTests.loginByTwitter()'><b>loginByTwitter</b><br>Test class: day44.LoginTests</td>
<td></td>
<td>0</td>
<td>day44.LoginTests@6a55299e</td></tr>
<tr>
<td title='day44.LoginTests.loginByEmail()'><b>loginByEmail</b><br>Test class: day44.LoginTests</td>
<td></td>
<td>0</td>
<td>day44.LoginTests@6a55299e</td></tr>
<tr>
<td title='day47.LoginTest.testLogin()'><b>testLogin</b><br>Test class: day47.LoginTest<br>Parameters: john@gmail.com, test@123</td>
<td></td>
<td>1</td>
<td>day47.LoginTest@e19bb76</td></tr>
<tr>
<td title='day42.OrangeHrmTest.openapp()'><b>openapp</b><br>Test class: day42.OrangeHrmTest</td>
<td></td>
<td>14</td>
<td>day42.OrangeHrmTest@16fdec90</td></tr>
<tr>
<td title='day42.Testng.logout()'><b>logout</b><br>Test class: day42.Testng</td>
<td></td>
<td>0</td>
<td>day42.Testng@51acdf2e</td></tr>
<tr>
<td title='day44.PaymentsTests.paymentInRuppees()'><b>paymentInRuppees</b><br>Test class: day44.PaymentsTests</td>
<td></td>
<td>0</td>
<td>day44.PaymentsTests@2f1de2d6</td></tr>
<tr>
<td title='day47.LoginTest.testLogin()'><b>testLogin</b><br>Test class: day47.LoginTest<br>Parameters: pavanol123@gmai.com, test@123</td>
<td></td>
<td>1</td>
<td>day47.LoginTest@e19bb76</td></tr>
<tr>
<td title='day42.OrangeHrmTest.testLogout()'><b>testLogout</b><br>Test class: day42.OrangeHrmTest</td>
<td></td>
<td>0</td>
<td>day42.OrangeHrmTest@16fdec90</td></tr>
<tr>
<td title='day42.OrangeHrmTest.testLogin()'><b>testLogin</b><br>Test class: day42.OrangeHrmTest</td>
<td></td>
<td>0</td>
<td>day42.OrangeHrmTest@16fdec90</td></tr>
<tr>
<td title='day42.OrangeHrmTest.testLogo()'><b>testLogo</b><br>Test class: day42.OrangeHrmTest</td>
<td></td>
<td>7</td>
<td>day42.OrangeHrmTest@16fdec90</td></tr>
<tr>
<td title='day44.SignupTests.signupByTwitter()'><b>signupByTwitter</b><br>Test class: day44.SignupTests</td>
<td></td>
<td>0</td>
<td>day44.SignupTests@4eb386df</td></tr>
</table><p>
<table width='100%' border='1' class='invocation-skipped'>
<tr><td colspan='4' align='center'><b>SKIPPED TESTS</b></td></tr>
<tr><td><b>Test method</b></td>
<td><b>Attribute(s)</b></td>
<td width="30%"><b>Exception</b></td>
<td width="10%"><b>Time (seconds)</b></td>
<td><b>Instance</b></td>
</tr>
<tr>
<td title='day45.ParamTest.testLogo()'><b>testLogo</b><br>Test class: day45.ParamTest</td>
<td><div><pre>org.testng.TestNGException: 
Parameter &apos;browser&apos; is required by BeforeClass on method setup but has not been marked @Optional or defined

	at java.base/java.util.ArrayList.forEach(ArrayList.java:1596)
... Removed 27 stack frames</pre></div><a href='#' onClick='toggleBox("stack-trace1493042329", this, "Click to show all stack frames", "Click to hide stack frames")'>Click to show all stack frames</a>
<div class='stack-trace' id='stack-trace1493042329'><pre>org.testng.TestNGException: 
Parameter &apos;browser&apos; is required by BeforeClass on method setup but has not been marked @Optional or defined

	at org.testng.internal.Parameters.createParams(Parameters.java:264)
	at org.testng.internal.Parameters.createParametersForMethod(Parameters.java:352)
	at org.testng.internal.Parameters.createParameters(Parameters.java:690)
	at org.testng.internal.Parameters.createConfigurationParameters(Parameters.java:163)
	at org.testng.internal.invokers.ConfigInvoker.invokeConfigurations(ConfigInvoker.java:313)
	at org.testng.internal.invokers.TestMethodWorker.invokeBeforeClassMethods(TestMethodWorker.java:188)
	at org.testng.internal.invokers.TestMethodWorker.run(TestMethodWorker.java:128)
	at java.base/java.util.ArrayList.forEach(ArrayList.java:1596)
	at org.testng.TestRunner.privateRun(TestRunner.java:741)
	at org.testng.TestRunner.run(TestRunner.java:616)
	at org.testng.SuiteRunner.runTest(SuiteRunner.java:421)
	at org.testng.SuiteRunner.runSequentially(SuiteRunner.java:413)
	at org.testng.SuiteRunner.privateRun(SuiteRunner.java:373)
	at org.testng.SuiteRunner.run(SuiteRunner.java:312)
	at org.testng.SuiteRunnerWorker.runSuite(SuiteRunnerWorker.java:52)
	at org.testng.SuiteRunnerWorker.run(SuiteRunnerWorker.java:95)
	at org.testng.TestNG.runSuitesSequentially(TestNG.java:1274)
	at org.testng.TestNG.runSuitesLocally(TestNG.java:1208)
	at org.testng.TestNG.runSuites(TestNG.java:1112)
	at org.testng.TestNG.run(TestNG.java:1079)
	at org.apache.maven.surefire.testng.TestNGExecutor.run(TestNGExecutor.java:155)
	at org.apache.maven.surefire.testng.TestNGDirectoryTestSuite.executeMulti(TestNGDirectoryTestSuite.java:169)
	at org.apache.maven.surefire.testng.TestNGDirectoryTestSuite.execute(TestNGDirectoryTestSuite.java:88)
	at org.apache.maven.surefire.testng.TestNGProvider.invoke(TestNGProvider.java:137)
	at org.apache.maven.surefire.booter.ForkedBooter.runSuitesInProcess(ForkedBooter.java:385)
	at org.apache.maven.surefire.booter.ForkedBooter.execute(ForkedBooter.java:162)
	at org.apache.maven.surefire.booter.ForkedBooter.run(ForkedBooter.java:507)
	at org.apache.maven.surefire.booter.ForkedBooter.main(ForkedBooter.java:495)
</pre></div></td>
<td>0</td>
<td>day45.ParamTest@4f1bfe23</td></tr>
<tr>
<td title='day45.ParamTest.testURL()'><b>testURL</b><br>Test class: day45.ParamTest</td>
<td><div><pre>org.testng.TestNGException: 
Parameter &apos;browser&apos; is required by BeforeClass on method setup but has not been marked @Optional or defined

	at java.base/java.util.ArrayList.forEach(ArrayList.java:1596)
... Removed 27 stack frames</pre></div><a href='#' onClick='toggleBox("stack-trace1717433286", this, "Click to show all stack frames", "Click to hide stack frames")'>Click to show all stack frames</a>
<div class='stack-trace' id='stack-trace1717433286'><pre>org.testng.TestNGException: 
Parameter &apos;browser&apos; is required by BeforeClass on method setup but has not been marked @Optional or defined

	at org.testng.internal.Parameters.createParams(Parameters.java:264)
	at org.testng.internal.Parameters.createParametersForMethod(Parameters.java:352)
	at org.testng.internal.Parameters.createParameters(Parameters.java:690)
	at org.testng.internal.Parameters.createConfigurationParameters(Parameters.java:163)
	at org.testng.internal.invokers.ConfigInvoker.invokeConfigurations(ConfigInvoker.java:313)
	at org.testng.internal.invokers.TestMethodWorker.invokeBeforeClassMethods(TestMethodWorker.java:188)
	at org.testng.internal.invokers.TestMethodWorker.run(TestMethodWorker.java:128)
	at java.base/java.util.ArrayList.forEach(ArrayList.java:1596)
	at org.testng.TestRunner.privateRun(TestRunner.java:741)
	at org.testng.TestRunner.run(TestRunner.java:616)
	at org.testng.SuiteRunner.runTest(SuiteRunner.java:421)
	at org.testng.SuiteRunner.runSequentially(SuiteRunner.java:413)
	at org.testng.SuiteRunner.privateRun(SuiteRunner.java:373)
	at org.testng.SuiteRunner.run(SuiteRunner.java:312)
	at org.testng.SuiteRunnerWorker.runSuite(SuiteRunnerWorker.java:52)
	at org.testng.SuiteRunnerWorker.run(SuiteRunnerWorker.java:95)
	at org.testng.TestNG.runSuitesSequentially(TestNG.java:1274)
	at org.testng.TestNG.runSuitesLocally(TestNG.java:1208)
	at org.testng.TestNG.runSuites(TestNG.java:1112)
	at org.testng.TestNG.run(TestNG.java:1079)
	at org.apache.maven.surefire.testng.TestNGExecutor.run(TestNGExecutor.java:155)
	at org.apache.maven.surefire.testng.TestNGDirectoryTestSuite.executeMulti(TestNGDirectoryTestSuite.java:169)
	at org.apache.maven.surefire.testng.TestNGDirectoryTestSuite.execute(TestNGDirectoryTestSuite.java:88)
	at org.apache.maven.surefire.testng.TestNGProvider.invoke(TestNGProvider.java:137)
	at org.apache.maven.surefire.booter.ForkedBooter.runSuitesInProcess(ForkedBooter.java:385)
	at org.apache.maven.surefire.booter.ForkedBooter.execute(ForkedBooter.java:162)
	at org.apache.maven.surefire.booter.ForkedBooter.run(ForkedBooter.java:507)
	at org.apache.maven.surefire.booter.ForkedBooter.main(ForkedBooter.java:495)
</pre></div></td>
<td>0</td>
<td>day45.ParamTest@4f1bfe23</td></tr>
<tr>
<td title='day45.ParamTest.testTitle()'><b>testTitle</b><br>Test class: day45.ParamTest</td>
<td><div><pre>org.testng.TestNGException: 
Parameter &apos;browser&apos; is required by BeforeClass on method setup but has not been marked @Optional or defined

	at java.base/java.util.ArrayList.forEach(ArrayList.java:1596)
... Removed 27 stack frames</pre></div><a href='#' onClick='toggleBox("stack-trace1751403001", this, "Click to show all stack frames", "Click to hide stack frames")'>Click to show all stack frames</a>
<div class='stack-trace' id='stack-trace1751403001'><pre>org.testng.TestNGException: 
Parameter &apos;browser&apos; is required by BeforeClass on method setup but has not been marked @Optional or defined

	at org.testng.internal.Parameters.createParams(Parameters.java:264)
	at org.testng.internal.Parameters.createParametersForMethod(Parameters.java:352)
	at org.testng.internal.Parameters.createParameters(Parameters.java:690)
	at org.testng.internal.Parameters.createConfigurationParameters(Parameters.java:163)
	at org.testng.internal.invokers.ConfigInvoker.invokeConfigurations(ConfigInvoker.java:313)
	at org.testng.internal.invokers.TestMethodWorker.invokeBeforeClassMethods(TestMethodWorker.java:188)
	at org.testng.internal.invokers.TestMethodWorker.run(TestMethodWorker.java:128)
	at java.base/java.util.ArrayList.forEach(ArrayList.java:1596)
	at org.testng.TestRunner.privateRun(TestRunner.java:741)
	at org.testng.TestRunner.run(TestRunner.java:616)
	at org.testng.SuiteRunner.runTest(SuiteRunner.java:421)
	at org.testng.SuiteRunner.runSequentially(SuiteRunner.java:413)
	at org.testng.SuiteRunner.privateRun(SuiteRunner.java:373)
	at org.testng.SuiteRunner.run(SuiteRunner.java:312)
	at org.testng.SuiteRunnerWorker.runSuite(SuiteRunnerWorker.java:52)
	at org.testng.SuiteRunnerWorker.run(SuiteRunnerWorker.java:95)
	at org.testng.TestNG.runSuitesSequentially(TestNG.java:1274)
	at org.testng.TestNG.runSuitesLocally(TestNG.java:1208)
	at org.testng.TestNG.runSuites(TestNG.java:1112)
	at org.testng.TestNG.run(TestNG.java:1079)
	at org.apache.maven.surefire.testng.TestNGExecutor.run(TestNGExecutor.java:155)
	at org.apache.maven.surefire.testng.TestNGDirectoryTestSuite.executeMulti(TestNGDirectoryTestSuite.java:169)
	at org.apache.maven.surefire.testng.TestNGDirectoryTestSuite.execute(TestNGDirectoryTestSuite.java:88)
	at org.apache.maven.surefire.testng.TestNGProvider.invoke(TestNGProvider.java:137)
	at org.apache.maven.surefire.booter.ForkedBooter.runSuitesInProcess(ForkedBooter.java:385)
	at org.apache.maven.surefire.booter.ForkedBooter.execute(ForkedBooter.java:162)
	at org.apache.maven.surefire.booter.ForkedBooter.run(ForkedBooter.java:507)
	at org.apache.maven.surefire.booter.ForkedBooter.main(ForkedBooter.java:495)
</pre></div></td>
<td>0</td>
<td>day45.ParamTest@4f1bfe23</td></tr>
</table><p>
</body>
</html>