<?xml version="1.0" encoding="UTF-8"?>
<testng-results ignored="0" total="23" passed="20" failed="0" skipped="3">
  <reporter-output>
  </reporter-output>
  <suite started-at="2025-10-28T11:39:11 IST" name="Surefire suite" finished-at="2025-10-28T11:39:45 IST" duration-ms="33955">
    <groups>
      <group name="functional">
        <method signature="PaymentsTests.paymentInRuppees()[pri:1, instance:day44.PaymentsTests@2f1de2d6]" name="paymentInRuppees" class="day44.PaymentsTests"/>
        <method signature="PaymentsTests.paymentInDollars()[pri:2, instance:day44.PaymentsTests@2f1de2d6]" name="paymentInDollars" class="day44.PaymentsTests"/>
      </group> <!-- functional -->
      <group name="regression">
        <method signature="PaymentsTests.paymentInRuppees()[pri:1, instance:day44.PaymentsTests@2f1de2d6]" name="paymentInRuppees" class="day44.PaymentsTests"/>
        <method signature="SignupTests.signupByEmail()[pri:1, instance:day44.SignupTests@4eb386df]" name="signupByEmail" class="day44.SignupTests"/>
        <method signature="PaymentsTests.paymentInDollars()[pri:2, instance:day44.PaymentsTests@2f1de2d6]" name="paymentInDollars" class="day44.PaymentsTests"/>
        <method signature="SignupTests.signupByFacebook()[pri:2, instance:day44.SignupTests@4eb386df]" name="signupByFacebook" class="day44.SignupTests"/>
        <method signature="SignupTests.signupByTwitter()[pri:3, instance:day44.SignupTests@4eb386df]" name="signupByTwitter" class="day44.SignupTests"/>
      </group> <!-- regression -->
      <group name="sanity">
        <method signature="LoginTests.loginByEmail()[pri:1, instance:day44.LoginTests@6a55299e]" name="loginByEmail" class="day44.LoginTests"/>
        <method signature="PaymentsTests.paymentInRuppees()[pri:1, instance:day44.PaymentsTests@2f1de2d6]" name="paymentInRuppees" class="day44.PaymentsTests"/>
        <method signature="LoginTests.loginByFacebook()[pri:2, instance:day44.LoginTests@6a55299e]" name="loginByFacebook" class="day44.LoginTests"/>
        <method signature="PaymentsTests.paymentInDollars()[pri:2, instance:day44.PaymentsTests@2f1de2d6]" name="paymentInDollars" class="day44.PaymentsTests"/>
        <method signature="LoginTests.loginByTwitter()[pri:3, instance:day44.LoginTests@6a55299e]" name="loginByTwitter" class="day44.LoginTests"/>
      </group> <!-- sanity -->
    </groups>
    <test started-at="2025-10-28T11:39:11 IST" name="Surefire test" finished-at="2025-10-28T11:39:45 IST" duration-ms="33955">
      <class name="day42.Testng">
        <test-method signature="openapp()[pri:1, instance:day42.Testng@51acdf2e]" started-at="2025-10-28T11:39:34 IST" name="openapp" finished-at="2025-10-28T11:39:34 IST" duration-ms="2" status="PASS">
          <reporter-output>
          </reporter-output>
        </test-method> <!-- openapp -->
        <test-method signature="login()[pri:2, instance:day42.Testng@51acdf2e]" started-at="2025-10-28T11:39:34 IST" name="login" finished-at="2025-10-28T11:39:34 IST" duration-ms="0" status="PASS">
          <reporter-output>
          </reporter-output>
        </test-method> <!-- login -->
        <test-method signature="logout()[pri:3, instance:day42.Testng@51acdf2e]" started-at="2025-10-28T11:39:34 IST" name="logout" finished-at="2025-10-28T11:39:34 IST" duration-ms="1" status="PASS">
          <reporter-output>
          </reporter-output>
        </test-method> <!-- logout -->
      </class> <!-- day42.Testng -->
      <class name="day47.LoginTest">
        <test-method is-config="true" signature="setup()[pri:0, instance:day47.LoginTest@e19bb76]" started-at="2025-10-28T11:39:34 IST" name="setup" finished-at="2025-10-28T11:39:37 IST" duration-ms="2683" status="PASS">
          <reporter-output>
          </reporter-output>
        </test-method> <!-- setup -->
        <test-method signature="testLogin(java.lang.String,java.lang.String)[pri:0, instance:day47.LoginTest@e19bb76]" started-at="2025-10-28T11:39:37 IST" name="testLogin" data-provider="dp" finished-at="2025-10-28T11:39:39 IST" duration-ms="2015" status="PASS">
          <params>
            <param index="0">
              <value>
                <![CDATA[deepakc0318@gmail.com]]>
              </value>
            </param>
            <param index="1">
              <value>
                <![CDATA[Deepakc0318@]]>
              </value>
            </param>
          </params>
          <reporter-output>
          </reporter-output>
        </test-method> <!-- testLogin -->
        <test-method signature="testLogin(java.lang.String,java.lang.String)[pri:0, instance:day47.LoginTest@e19bb76]" started-at="2025-10-28T11:39:39 IST" name="testLogin" data-provider="dp" finished-at="2025-10-28T11:39:40 IST" duration-ms="1582" status="PASS">
          <params>
            <param index="0">
              <value>
                <![CDATA[xyz@gmail.com]]>
              </value>
            </param>
            <param index="1">
              <value>
                <![CDATA[test012]]>
              </value>
            </param>
          </params>
          <reporter-output>
          </reporter-output>
        </test-method> <!-- testLogin -->
        <test-method signature="testLogin(java.lang.String,java.lang.String)[pri:0, instance:day47.LoginTest@e19bb76]" started-at="2025-10-28T11:39:40 IST" name="testLogin" data-provider="dp" finished-at="2025-10-28T11:39:42 IST" duration-ms="1524" status="PASS">
          <params>
            <param index="0">
              <value>
                <![CDATA[john@gmail.com]]>
              </value>
            </param>
            <param index="1">
              <value>
                <![CDATA[test@123]]>
              </value>
            </param>
          </params>
          <reporter-output>
          </reporter-output>
        </test-method> <!-- testLogin -->
        <test-method signature="testLogin(java.lang.String,java.lang.String)[pri:0, instance:day47.LoginTest@e19bb76]" started-at="2025-10-28T11:39:42 IST" name="testLogin" data-provider="dp" finished-at="2025-10-28T11:39:43 IST" duration-ms="1533" status="PASS">
          <params>
            <param index="0">
              <value>
                <![CDATA[pavanol123@gmai.com]]>
              </value>
            </param>
            <param index="1">
              <value>
                <![CDATA[test@123]]>
              </value>
            </param>
          </params>
          <reporter-output>
          </reporter-output>
        </test-method> <!-- testLogin -->
        <test-method signature="testLogin(java.lang.String,java.lang.String)[pri:0, instance:day47.LoginTest@e19bb76]" started-at="2025-10-28T11:39:43 IST" name="testLogin" data-provider="dp" finished-at="2025-10-28T11:39:45 IST" duration-ms="1575" status="PASS">
          <params>
            <param index="0">
              <value>
                <![CDATA[jphncanedy@gmail.com]]>
              </value>
            </param>
            <param index="1">
              <value>
                <![CDATA[test]]>
              </value>
            </param>
          </params>
          <reporter-output>
          </reporter-output>
        </test-method> <!-- testLogin -->
        <test-method is-config="true" signature="tearDown()[pri:0, instance:day47.LoginTest@e19bb76]" started-at="2025-10-28T11:39:45 IST" name="tearDown" finished-at="2025-10-28T11:39:45 IST" duration-ms="201" status="PASS">
          <reporter-output>
          </reporter-output>
        </test-method> <!-- tearDown -->
      </class> <!-- day47.LoginTest -->
      <class name="day42.OrangeHrmTest">
        <test-method signature="openapp()[pri:1, instance:day42.OrangeHrmTest@16fdec90]" started-at="2025-10-28T11:39:11 IST" name="openapp" finished-at="2025-10-28T11:39:26 IST" duration-ms="14886" status="PASS">
          <reporter-output>
          </reporter-output>
        </test-method> <!-- openapp -->
        <test-method signature="testLogo()[pri:2, instance:day42.OrangeHrmTest@16fdec90]" started-at="2025-10-28T11:39:26 IST" name="testLogo" finished-at="2025-10-28T11:39:33 IST" duration-ms="7320" status="PASS">
          <reporter-output>
          </reporter-output>
        </test-method> <!-- testLogo -->
        <test-method signature="testLogin()[pri:3, instance:day42.OrangeHrmTest@16fdec90]" started-at="2025-10-28T11:39:33 IST" name="testLogin" finished-at="2025-10-28T11:39:33 IST" duration-ms="196" status="PASS">
          <reporter-output>
          </reporter-output>
        </test-method> <!-- testLogin -->
        <test-method signature="testLogout()[pri:4, instance:day42.OrangeHrmTest@16fdec90]" started-at="2025-10-28T11:39:33 IST" name="testLogout" finished-at="2025-10-28T11:39:34 IST" duration-ms="334" status="PASS">
          <reporter-output>
          </reporter-output>
        </test-method> <!-- testLogout -->
      </class> <!-- day42.OrangeHrmTest -->
      <class name="day44.SignupTests">
        <test-method signature="signupByEmail()[pri:1, instance:day44.SignupTests@4eb386df]" started-at="2025-10-28T11:39:34 IST" name="signupByEmail" finished-at="2025-10-28T11:39:34 IST" duration-ms="1" status="PASS">
          <reporter-output>
          </reporter-output>
        </test-method> <!-- signupByEmail -->
        <test-method signature="signupByFacebook()[pri:2, instance:day44.SignupTests@4eb386df]" started-at="2025-10-28T11:39:34 IST" name="signupByFacebook" finished-at="2025-10-28T11:39:34 IST" duration-ms="1" status="PASS">
          <reporter-output>
          </reporter-output>
        </test-method> <!-- signupByFacebook -->
        <test-method signature="signupByTwitter()[pri:3, instance:day44.SignupTests@4eb386df]" started-at="2025-10-28T11:39:34 IST" name="signupByTwitter" finished-at="2025-10-28T11:39:34 IST" duration-ms="0" status="PASS">
          <reporter-output>
          </reporter-output>
        </test-method> <!-- signupByTwitter -->
      </class> <!-- day44.SignupTests -->
      <class name="day45.ParamTest">
        <test-method is-config="true" signature="setup(java.lang.String)[pri:0, instance:day45.ParamTest@4f1bfe23]" started-at="2025-10-28T11:39:34 IST" name="setup" finished-at="1970-01-01T05:30:00 IST" duration-ms="-1761631774329" status="FAIL">
          <exception class="org.testng.TestNGException">
            <message>
              <![CDATA[
Parameter 'browser' is required by BeforeClass on method setup but has not been marked @Optional or defined
]]>
            </message>
            <full-stacktrace>
              <![CDATA[org.testng.TestNGException: 
Parameter 'browser' is required by BeforeClass on method setup but has not been marked @Optional or defined

at org.testng.internal.Parameters.createParams(Parameters.java:264)
at org.testng.internal.Parameters.createParametersForMethod(Parameters.java:352)
at org.testng.internal.Parameters.createParameters(Parameters.java:690)
at org.testng.internal.Parameters.createConfigurationParameters(Parameters.java:163)
at org.testng.internal.invokers.ConfigInvoker.invokeConfigurations(ConfigInvoker.java:313)
at org.testng.internal.invokers.TestMethodWorker.invokeBeforeClassMethods(TestMethodWorker.java:188)
at org.testng.internal.invokers.TestMethodWorker.run(TestMethodWorker.java:128)
at java.base/java.util.ArrayList.forEach(ArrayList.java:1596)
at org.testng.TestRunner.privateRun(TestRunner.java:741)
at org.testng.TestRunner.run(TestRunner.java:616)
at org.testng.SuiteRunner.runTest(SuiteRunner.java:421)
at org.testng.SuiteRunner.runSequentially(SuiteRunner.java:413)
at org.testng.SuiteRunner.privateRun(SuiteRunner.java:373)
at org.testng.SuiteRunner.run(SuiteRunner.java:312)
at org.testng.SuiteRunnerWorker.runSuite(SuiteRunnerWorker.java:52)
at org.testng.SuiteRunnerWorker.run(SuiteRunnerWorker.java:95)
at org.testng.TestNG.runSuitesSequentially(TestNG.java:1274)
at org.testng.TestNG.runSuitesLocally(TestNG.java:1208)
at org.testng.TestNG.runSuites(TestNG.java:1112)
at org.testng.TestNG.run(TestNG.java:1079)
at org.apache.maven.surefire.testng.TestNGExecutor.run(TestNGExecutor.java:155)
at org.apache.maven.surefire.testng.TestNGDirectoryTestSuite.executeMulti(TestNGDirectoryTestSuite.java:169)
at org.apache.maven.surefire.testng.TestNGDirectoryTestSuite.execute(TestNGDirectoryTestSuite.java:88)
at org.apache.maven.surefire.testng.TestNGProvider.invoke(TestNGProvider.java:137)
at org.apache.maven.surefire.booter.ForkedBooter.runSuitesInProcess(ForkedBooter.java:385)
at org.apache.maven.surefire.booter.ForkedBooter.execute(ForkedBooter.java:162)
at org.apache.maven.surefire.booter.ForkedBooter.run(ForkedBooter.java:507)
at org.apache.maven.surefire.booter.ForkedBooter.main(ForkedBooter.java:495)
]]>
            </full-stacktrace>
          </exception> <!-- org.testng.TestNGException -->
          <reporter-output>
          </reporter-output>
        </test-method> <!-- setup -->
        <test-method signature="testLogo()[pri:1, instance:day45.ParamTest@4f1bfe23]" started-at="2025-10-28T11:39:34 IST" name="testLogo" finished-at="2025-10-28T11:39:34 IST" duration-ms="0" status="SKIP">
          <exception class="org.testng.TestNGException">
            <message>
              <![CDATA[
Parameter 'browser' is required by BeforeClass on method setup but has not been marked @Optional or defined
]]>
            </message>
            <full-stacktrace>
              <![CDATA[org.testng.TestNGException: 
Parameter 'browser' is required by BeforeClass on method setup but has not been marked @Optional or defined

at org.testng.internal.Parameters.createParams(Parameters.java:264)
at org.testng.internal.Parameters.createParametersForMethod(Parameters.java:352)
at org.testng.internal.Parameters.createParameters(Parameters.java:690)
at org.testng.internal.Parameters.createConfigurationParameters(Parameters.java:163)
at org.testng.internal.invokers.ConfigInvoker.invokeConfigurations(ConfigInvoker.java:313)
at org.testng.internal.invokers.TestMethodWorker.invokeBeforeClassMethods(TestMethodWorker.java:188)
at org.testng.internal.invokers.TestMethodWorker.run(TestMethodWorker.java:128)
at java.base/java.util.ArrayList.forEach(ArrayList.java:1596)
at org.testng.TestRunner.privateRun(TestRunner.java:741)
at org.testng.TestRunner.run(TestRunner.java:616)
at org.testng.SuiteRunner.runTest(SuiteRunner.java:421)
at org.testng.SuiteRunner.runSequentially(SuiteRunner.java:413)
at org.testng.SuiteRunner.privateRun(SuiteRunner.java:373)
at org.testng.SuiteRunner.run(SuiteRunner.java:312)
at org.testng.SuiteRunnerWorker.runSuite(SuiteRunnerWorker.java:52)
at org.testng.SuiteRunnerWorker.run(SuiteRunnerWorker.java:95)
at org.testng.TestNG.runSuitesSequentially(TestNG.java:1274)
at org.testng.TestNG.runSuitesLocally(TestNG.java:1208)
at org.testng.TestNG.runSuites(TestNG.java:1112)
at org.testng.TestNG.run(TestNG.java:1079)
at org.apache.maven.surefire.testng.TestNGExecutor.run(TestNGExecutor.java:155)
at org.apache.maven.surefire.testng.TestNGDirectoryTestSuite.executeMulti(TestNGDirectoryTestSuite.java:169)
at org.apache.maven.surefire.testng.TestNGDirectoryTestSuite.execute(TestNGDirectoryTestSuite.java:88)
at org.apache.maven.surefire.testng.TestNGProvider.invoke(TestNGProvider.java:137)
at org.apache.maven.surefire.booter.ForkedBooter.runSuitesInProcess(ForkedBooter.java:385)
at org.apache.maven.surefire.booter.ForkedBooter.execute(ForkedBooter.java:162)
at org.apache.maven.surefire.booter.ForkedBooter.run(ForkedBooter.java:507)
at org.apache.maven.surefire.booter.ForkedBooter.main(ForkedBooter.java:495)
]]>
            </full-stacktrace>
          </exception> <!-- org.testng.TestNGException -->
          <reporter-output>
          </reporter-output>
        </test-method> <!-- testLogo -->
        <test-method signature="testTitle()[pri:2, instance:day45.ParamTest@4f1bfe23]" started-at="2025-10-28T11:39:34 IST" name="testTitle" finished-at="2025-10-28T11:39:34 IST" duration-ms="0" status="SKIP">
          <exception class="org.testng.TestNGException">
            <message>
              <![CDATA[
Parameter 'browser' is required by BeforeClass on method setup but has not been marked @Optional or defined
]]>
            </message>
            <full-stacktrace>
              <![CDATA[org.testng.TestNGException: 
Parameter 'browser' is required by BeforeClass on method setup but has not been marked @Optional or defined

at org.testng.internal.Parameters.createParams(Parameters.java:264)
at org.testng.internal.Parameters.createParametersForMethod(Parameters.java:352)
at org.testng.internal.Parameters.createParameters(Parameters.java:690)
at org.testng.internal.Parameters.createConfigurationParameters(Parameters.java:163)
at org.testng.internal.invokers.ConfigInvoker.invokeConfigurations(ConfigInvoker.java:313)
at org.testng.internal.invokers.TestMethodWorker.invokeBeforeClassMethods(TestMethodWorker.java:188)
at org.testng.internal.invokers.TestMethodWorker.run(TestMethodWorker.java:128)
at java.base/java.util.ArrayList.forEach(ArrayList.java:1596)
at org.testng.TestRunner.privateRun(TestRunner.java:741)
at org.testng.TestRunner.run(TestRunner.java:616)
at org.testng.SuiteRunner.runTest(SuiteRunner.java:421)
at org.testng.SuiteRunner.runSequentially(SuiteRunner.java:413)
at org.testng.SuiteRunner.privateRun(SuiteRunner.java:373)
at org.testng.SuiteRunner.run(SuiteRunner.java:312)
at org.testng.SuiteRunnerWorker.runSuite(SuiteRunnerWorker.java:52)
at org.testng.SuiteRunnerWorker.run(SuiteRunnerWorker.java:95)
at org.testng.TestNG.runSuitesSequentially(TestNG.java:1274)
at org.testng.TestNG.runSuitesLocally(TestNG.java:1208)
at org.testng.TestNG.runSuites(TestNG.java:1112)
at org.testng.TestNG.run(TestNG.java:1079)
at org.apache.maven.surefire.testng.TestNGExecutor.run(TestNGExecutor.java:155)
at org.apache.maven.surefire.testng.TestNGDirectoryTestSuite.executeMulti(TestNGDirectoryTestSuite.java:169)
at org.apache.maven.surefire.testng.TestNGDirectoryTestSuite.execute(TestNGDirectoryTestSuite.java:88)
at org.apache.maven.surefire.testng.TestNGProvider.invoke(TestNGProvider.java:137)
at org.apache.maven.surefire.booter.ForkedBooter.runSuitesInProcess(ForkedBooter.java:385)
at org.apache.maven.surefire.booter.ForkedBooter.execute(ForkedBooter.java:162)
at org.apache.maven.surefire.booter.ForkedBooter.run(ForkedBooter.java:507)
at org.apache.maven.surefire.booter.ForkedBooter.main(ForkedBooter.java:495)
]]>
            </full-stacktrace>
          </exception> <!-- org.testng.TestNGException -->
          <reporter-output>
          </reporter-output>
        </test-method> <!-- testTitle -->
        <test-method signature="testURL()[pri:3, instance:day45.ParamTest@4f1bfe23]" started-at="2025-10-28T11:39:34 IST" name="testURL" finished-at="2025-10-28T11:39:34 IST" duration-ms="0" status="SKIP">
          <exception class="org.testng.TestNGException">
            <message>
              <![CDATA[
Parameter 'browser' is required by BeforeClass on method setup but has not been marked @Optional or defined
]]>
            </message>
            <full-stacktrace>
              <![CDATA[org.testng.TestNGException: 
Parameter 'browser' is required by BeforeClass on method setup but has not been marked @Optional or defined

at org.testng.internal.Parameters.createParams(Parameters.java:264)
at org.testng.internal.Parameters.createParametersForMethod(Parameters.java:352)
at org.testng.internal.Parameters.createParameters(Parameters.java:690)
at org.testng.internal.Parameters.createConfigurationParameters(Parameters.java:163)
at org.testng.internal.invokers.ConfigInvoker.invokeConfigurations(ConfigInvoker.java:313)
at org.testng.internal.invokers.TestMethodWorker.invokeBeforeClassMethods(TestMethodWorker.java:188)
at org.testng.internal.invokers.TestMethodWorker.run(TestMethodWorker.java:128)
at java.base/java.util.ArrayList.forEach(ArrayList.java:1596)
at org.testng.TestRunner.privateRun(TestRunner.java:741)
at org.testng.TestRunner.run(TestRunner.java:616)
at org.testng.SuiteRunner.runTest(SuiteRunner.java:421)
at org.testng.SuiteRunner.runSequentially(SuiteRunner.java:413)
at org.testng.SuiteRunner.privateRun(SuiteRunner.java:373)
at org.testng.SuiteRunner.run(SuiteRunner.java:312)
at org.testng.SuiteRunnerWorker.runSuite(SuiteRunnerWorker.java:52)
at org.testng.SuiteRunnerWorker.run(SuiteRunnerWorker.java:95)
at org.testng.TestNG.runSuitesSequentially(TestNG.java:1274)
at org.testng.TestNG.runSuitesLocally(TestNG.java:1208)
at org.testng.TestNG.runSuites(TestNG.java:1112)
at org.testng.TestNG.run(TestNG.java:1079)
at org.apache.maven.surefire.testng.TestNGExecutor.run(TestNGExecutor.java:155)
at org.apache.maven.surefire.testng.TestNGDirectoryTestSuite.executeMulti(TestNGDirectoryTestSuite.java:169)
at org.apache.maven.surefire.testng.TestNGDirectoryTestSuite.execute(TestNGDirectoryTestSuite.java:88)
at org.apache.maven.surefire.testng.TestNGProvider.invoke(TestNGProvider.java:137)
at org.apache.maven.surefire.booter.ForkedBooter.runSuitesInProcess(ForkedBooter.java:385)
at org.apache.maven.surefire.booter.ForkedBooter.execute(ForkedBooter.java:162)
at org.apache.maven.surefire.booter.ForkedBooter.run(ForkedBooter.java:507)
at org.apache.maven.surefire.booter.ForkedBooter.main(ForkedBooter.java:495)
]]>
            </full-stacktrace>
          </exception> <!-- org.testng.TestNGException -->
          <reporter-output>
          </reporter-output>
        </test-method> <!-- testURL -->
        <test-method is-config="true" signature="teardown()[pri:0, instance:day45.ParamTest@4f1bfe23]" started-at="2025-10-28T11:39:34 IST" name="teardown" finished-at="2025-10-28T11:39:34 IST" duration-ms="0" status="SKIP">
          <reporter-output>
          </reporter-output>
        </test-method> <!-- teardown -->
      </class> <!-- day45.ParamTest -->
      <class name="day44.LoginTests">
        <test-method signature="loginByEmail()[pri:1, instance:day44.LoginTests@6a55299e]" started-at="2025-10-28T11:39:34 IST" name="loginByEmail" finished-at="2025-10-28T11:39:34 IST" duration-ms="0" status="PASS">
          <reporter-output>
          </reporter-output>
        </test-method> <!-- loginByEmail -->
        <test-method signature="loginByFacebook()[pri:2, instance:day44.LoginTests@6a55299e]" started-at="2025-10-28T11:39:34 IST" name="loginByFacebook" finished-at="2025-10-28T11:39:34 IST" duration-ms="0" status="PASS">
          <reporter-output>
          </reporter-output>
        </test-method> <!-- loginByFacebook -->
        <test-method signature="loginByTwitter()[pri:3, instance:day44.LoginTests@6a55299e]" started-at="2025-10-28T11:39:34 IST" name="loginByTwitter" finished-at="2025-10-28T11:39:34 IST" duration-ms="1" status="PASS">
          <reporter-output>
          </reporter-output>
        </test-method> <!-- loginByTwitter -->
      </class> <!-- day44.LoginTests -->
      <class name="day44.PaymentsTests">
        <test-method signature="paymentInRuppees()[pri:1, instance:day44.PaymentsTests@2f1de2d6]" started-at="2025-10-28T11:39:34 IST" name="paymentInRuppees" finished-at="2025-10-28T11:39:34 IST" duration-ms="1" status="PASS">
          <reporter-output>
          </reporter-output>
        </test-method> <!-- paymentInRuppees -->
        <test-method signature="paymentInDollars()[pri:2, instance:day44.PaymentsTests@2f1de2d6]" started-at="2025-10-28T11:39:34 IST" name="paymentInDollars" finished-at="2025-10-28T11:39:34 IST" duration-ms="1" status="PASS">
          <reporter-output>
          </reporter-output>
        </test-method> <!-- paymentInDollars -->
      </class> <!-- day44.PaymentsTests -->
    </test> <!-- Surefire test -->
  </suite> <!-- Surefire suite -->
</testng-results>
